<?xml version="1.0" encoding="UTF-8"?>
<testng-results ignored="0" total="1" passed="1" failed="0" skipped="0">
  <reporter-output>
  </reporter-output>
  <suite started-at="2023-10-02T07:41:38 IST" name="Default suite" finished-at="2023-10-02T07:42:10 IST" duration-ms="31820">
    <groups>
    </groups>
    <test started-at="2023-10-02T07:41:38 IST" name="Default test" finished-at="2023-10-02T07:42:10 IST" duration-ms="31820">
      <class name="in.amazon.testScripts.BuyMobilePhoneTest">
        <test-method is-config="true" signature="launchApplication()[pri:0, instance:in.amazon.testScripts.BuyMobilePhoneTest@1ffaf86]" started-at="2023-10-02T07:41:38 IST" name="launchApplication" finished-at="2023-10-02T07:41:49 IST" duration-ms="11437" status="PASS">
          <reporter-output>
          </reporter-output>
        </test-method> <!-- launchApplication -->
        <test-method signature="buyMobile()[pri:0, instance:in.amazon.testScripts.BuyMobilePhoneTest@1ffaf86]" started-at="2023-10-02T07:41:49 IST" name="buyMobile" finished-at="2023-10-02T07:42:10 IST" duration-ms="20220" status="PASS">
          <reporter-output>
          </reporter-output>
        </test-method> <!-- buyMobile -->
        <test-method is-config="true" signature="closeBrowser()[pri:0, instance:in.amazon.testScripts.BuyMobilePhoneTest@1ffaf86]" started-at="2023-10-02T07:42:10 IST" name="closeBrowser" finished-at="2023-10-02T07:42:10 IST" duration-ms="111" status="PASS">
          <reporter-output>
          </reporter-output>
        </test-method> <!-- closeBrowser -->
      </class> <!-- in.amazon.testScripts.BuyMobilePhoneTest -->
    </test> <!-- Default test -->
  </suite> <!-- Default suite -->
</testng-results>
